0 info it worked if it ends with ok
1 verbose cli [ '/Users/Bill/.nvm/versions/node/v6.2.0/bin/node',
1 verbose cli   '/Users/Bill/.nvm/versions/node/v6.2.0/bin/npm',
1 verbose cli   'publish' ]
2 info using npm@3.8.9
3 info using node@v6.2.0
4 verbose publish [ '.' ]
5 silly cache add args [ '.', null ]
6 verbose cache add spec .
7 silly cache add parsed spec Result {
7 silly cache add   raw: '.',
7 silly cache add   scope: null,
7 silly cache add   name: null,
7 silly cache add   rawSpec: '.',
7 silly cache add   spec: '/Users/Bill/Sites/aplo/api-libs/q-node',
7 silly cache add   type: 'directory' }
8 verbose addLocalDirectory /Users/Bill/.npm/q-client/0.3.0/package.tgz not in flight; packing
9 verbose correctMkdir /Users/Bill/.npm correctMkdir not in flight; initializing
10 info lifecycle q-client@0.3.0~prepublish: q-client@0.3.0
11 silly lifecycle q-client@0.3.0~prepublish: no script for prepublish, continuing
12 verbose tar pack [ '/Users/Bill/.npm/q-client/0.3.0/package.tgz',
12 verbose tar pack   '/Users/Bill/Sites/aplo/api-libs/q-node' ]
13 verbose tarball /Users/Bill/.npm/q-client/0.3.0/package.tgz
14 verbose folder /Users/Bill/Sites/aplo/api-libs/q-node
15 verbose addLocalTarball adding from inside cache /Users/Bill/.npm/q-client/0.3.0/package.tgz
16 verbose correctMkdir /Users/Bill/.npm correctMkdir not in flight; initializing
17 silly cache afterAdd q-client@0.3.0
18 verbose afterAdd /Users/Bill/.npm/q-client/0.3.0/package/package.json not in flight; writing
19 verbose correctMkdir /Users/Bill/.npm correctMkdir not in flight; initializing
20 verbose afterAdd /Users/Bill/.npm/q-client/0.3.0/package/package.json written
21 silly publish { name: 'q-client',
21 silly publish   version: '0.3.0',
21 silly publish   description: 'API library for the Aplo Q insurance quoting API.',
21 silly publish   homepage: 'https://aploquote.com',
21 silly publish   main: 'qclient.js',
21 silly publish   repository:
21 silly publish    { type: 'git',
21 silly publish      url: 'git+https://github.com/AploCode/q-node.git' },
21 silly publish   scripts: { test: 'mocha test/' },
21 silly publish   keywords: [ 'aploquote', 'insurance', 'quotes', 'api' ],
21 silly publish   author:
21 silly publish    { name: 'Aplo',
21 silly publish      email: 'bill@aploquote.com',
21 silly publish      url: 'https://aploquote.com' },
21 silly publish   license: 'MIT',
21 silly publish   devDependencies:
21 silly publish    { chai: '^3.2.0',
21 silly publish      grunt: '^0.4.5',
21 silly publish      'grunt-contrib-jshint': '^0.11.2',
21 silly publish      'grunt-contrib-watch': '^0.6.1',
21 silly publish      'grunt-todos': '^0.3.0',
21 silly publish      'hash-files': '^1.0.0',
21 silly publish      'load-grunt-tasks': '^3.2.0',
21 silly publish      lodash: '^3.10.1',
21 silly publish      mocha: '^2.3.2',
21 silly publish      'time-grunt': '^1.2.1' },
21 silly publish   readme: '# QClient.js\n\n> Node.js API wrapper for Aplo\'s Q API\n\n__IMPORTANT:__ The current 0.0.2 release includes support for a single API endpoint. It is not production ready. Hold tight until we launch in about a week for full support for all API endpoints along with a well tested, well documented API client.\n\n## What is Q?\n\nQ, not to be confused with the Node.js promise library, is our internal insurance quoting API that we\'ve decided to open up publicly. Q provides endpoints for generating "raw" insurance quotes, personalized quotes including ACA/Obamacare subsidies, and the ability to check for active insurance agent licenses.\n\nTo use Q you\'ll need to [sign up for an account and generate an API Client ID and Secret Token](https://q.aploquote.com).\n\n## Installation\n\nInstallation is simple through npm: `npm install qclient`\n\n## Usage\n\n...\n\n## Available Endpoints\n\n### "Raw" Quotes\n\n### Subsidy Estimates\n\n### License Verification\n\n## Contributing and Development\n\n### Branching Strategy\n\n### Testing\n\n__You\'ll get extra points if you contribute to our test suite. We really take notice of that.__\n\n## License\n\nQ is licensed under the MIT license. You may have unlimited use of it for personal or commercial purposes, free of charge, with no strings attached. You can change it and share it or keep those changes to yourself. You could make money off this code. You can basically do anything you want so long as its legal and doesn\'t hurt anyone. __Here\'s the catch:__ We assume no liability if you blow yourself up. That\'s all.\n\n```\nThe MIT License (MIT)\n\nCopyright (c) 2015 Bill Patrianakos\nCopyright (c) 2015 Aplo, LLC (https://aploquote.com)\n\nPermission is hereby granted, free of charge, to any person obtaining a copy\nof this software and associated documentation files (the "Software"), to deal\nin the Software without restriction, including without limitation the rights\nto use, copy, modify, merge, publish, distribute, sublicense, and/or sell\ncopies of the Software, and to permit persons to whom the Software is\nfurnished to do so, subject to the following conditions:\n\nThe above copyright notice and this permission notice shall be included in all\ncopies or substantial portions of the Software.\n\nTHE SOFTWARE IS PROVIDED "AS IS", WITHOUT WARRANTY OF ANY KIND, EXPRESS OR\nIMPLIED, INCLUDING BUT NOT LIMITED TO THE WARRANTIES OF MERCHANTABILITY,\nFITNESS FOR A PARTICULAR PURPOSE AND NONINFRINGEMENT. IN NO EVENT SHALL THE\nAUTHORS OR COPYRIGHT HOLDERS BE LIABLE FOR ANY CLAIM, DAMAGES OR OTHER\nLIABILITY, WHETHER IN AN ACTION OF CONTRACT, TORT OR OTHERWISE, ARISING FROM,\nOUT OF OR IN CONNECTION WITH THE SOFTWARE OR THE USE OR OTHER DEALINGS IN THE\nSOFTWARE.\n```\n',
21 silly publish   readmeFilename: 'README.md',
21 silly publish   gitHead: '18f1c12b374b3155f6ce53cd75eee39324c51adb',
21 silly publish   bugs: { url: 'https://github.com/AploCode/q-node/issues' },
21 silly publish   _id: 'q-client@0.3.0',
21 silly publish   _shasum: 'db34a2db8fbaebf68bafd59f0ab2de3e71b47590',
21 silly publish   _from: '.' }
22 verbose getPublishConfig undefined
23 silly mapToRegistry name q-client
24 silly mapToRegistry using default registry
25 silly mapToRegistry registry https://registry.npmjs.org/
26 silly mapToRegistry data Result {
26 silly mapToRegistry   raw: 'q-client',
26 silly mapToRegistry   scope: null,
26 silly mapToRegistry   name: 'q-client',
26 silly mapToRegistry   rawSpec: '',
26 silly mapToRegistry   spec: 'latest',
26 silly mapToRegistry   type: 'tag' }
27 silly mapToRegistry uri https://registry.npmjs.org/q-client
28 verbose publish registryBase https://registry.npmjs.org/
29 silly publish uploading /Users/Bill/.npm/q-client/0.3.0/package.tgz
30 verbose request uri https://registry.npmjs.org/q-client
31 verbose request sending authorization for write operation
32 info attempt registry request try #1 at 6:54:39 PM
33 verbose request using bearer token for auth
34 verbose request id 5f407d5133cf610b
35 http request PUT https://registry.npmjs.org/q-client
36 http 403 https://registry.npmjs.org/q-client
37 verbose headers { 'content-type': 'application/json',
37 verbose headers   'cache-control': 'max-age=300',
37 verbose headers   'content-length': '95',
37 verbose headers   'accept-ranges': 'bytes',
37 verbose headers   date: 'Sat, 18 Jun 2016 23:54:41 GMT',
37 verbose headers   via: '1.1 varnish',
37 verbose headers   connection: 'keep-alive',
37 verbose headers   'x-served-by': 'cache-dfw1834-DFW',
37 verbose headers   'x-cache': 'MISS',
37 verbose headers   'x-cache-hits': '0',
37 verbose headers   'x-timer': 'S1466294080.049050,VS0,VE1179',
37 verbose headers   vary: 'Accept-Encoding' }
38 verbose request invalidating /Users/Bill/.npm/registry.npmjs.org/q-client on PUT
39 error publish Failed PUT 403
40 verbose stack Error: "You cannot publish over the previously published version 0.3.0." : q-client
40 verbose stack     at makeError (/Users/Bill/.nvm/versions/node/v6.2.0/lib/node_modules/npm/node_modules/npm-registry-client/lib/request.js:264:12)
40 verbose stack     at CachingRegistryClient.<anonymous> (/Users/Bill/.nvm/versions/node/v6.2.0/lib/node_modules/npm/node_modules/npm-registry-client/lib/request.js:252:14)
40 verbose stack     at Request._callback (/Users/Bill/.nvm/versions/node/v6.2.0/lib/node_modules/npm/node_modules/npm-registry-client/lib/request.js:172:14)
40 verbose stack     at Request.self.callback (/Users/Bill/.nvm/versions/node/v6.2.0/lib/node_modules/npm/node_modules/request/request.js:200:22)
40 verbose stack     at emitTwo (events.js:106:13)
40 verbose stack     at Request.emit (events.js:191:7)
40 verbose stack     at Request.<anonymous> (/Users/Bill/.nvm/versions/node/v6.2.0/lib/node_modules/npm/node_modules/request/request.js:1067:10)
40 verbose stack     at emitOne (events.js:101:20)
40 verbose stack     at Request.emit (events.js:188:7)
40 verbose stack     at IncomingMessage.<anonymous> (/Users/Bill/.nvm/versions/node/v6.2.0/lib/node_modules/npm/node_modules/request/request.js:988:12)
41 verbose statusCode 403
42 verbose pkgid q-client
43 verbose cwd /Users/Bill/Sites/aplo/api-libs/q-node
44 error Darwin 15.5.0
45 error argv "/Users/Bill/.nvm/versions/node/v6.2.0/bin/node" "/Users/Bill/.nvm/versions/node/v6.2.0/bin/npm" "publish"
46 error node v6.2.0
47 error npm  v3.8.9
48 error code E403
49 error "You cannot publish over the previously published version 0.3.0." : q-client
50 error If you need help, you may report this error at:
50 error     <https://github.com/npm/npm/issues>
51 verbose exit [ 1, true ]
